\BOOKMARK [1][-]{section.1}{\376\377\000I\000n\000t\000r\000o\000d\000u\000c\000t\000i\000o\000n}{}% 1
\BOOKMARK [1][-]{section.2}{\376\377\000H\000o\000w\000\040\000t\000o\000\040\000R\000e\000a\000d\000\040\000T\000h\000i\000s\000\040\000R\000e\000p\000o\000r\000t}{}% 2
\BOOKMARK [1][-]{section.3}{\376\377\000M\000a\000c\000h\000i\000n\000e\000r\000y\000\040\000\046\000\040\000E\000q\000u\000i\000p\000m\000e\000n\000t\000\040\000\050\000M\000E\000\051}{}% 3
\BOOKMARK [2][-]{subsection.3.1}{\376\377\000D\000i\000s\000t\000r\000i\000b\000u\000t\000i\000o\000n\000\040\000D\000i\000a\000g\000n\000o\000s\000t\000i\000c\000s}{section.3}% 4
\BOOKMARK [2][-]{subsection.3.2}{\376\377\000T\000e\000m\000p\000o\000r\000a\000l\000\040\000P\000r\000i\000o\000r\000s}{section.3}% 5
\BOOKMARK [2][-]{subsection.3.3}{\376\377\000O\000u\000t\000l\000i\000e\000r\000\040\000G\000e\000o\000m\000e\000t\000r\000y}{section.3}% 6
\BOOKMARK [2][-]{subsection.3.4}{\376\377\000C\000o\000r\000r\000e\000l\000a\000t\000i\000o\000n\000\040\000M\000a\000t\000r\000i\000x}{section.3}% 7
\BOOKMARK [1][-]{section.4}{\376\377\000N\000o\000n\000-\000R\000e\000s\000i\000d\000e\000n\000t\000i\000a\000l\000\040\000C\000o\000n\000s\000t\000r\000u\000c\000t\000i\000o\000n\000\040\000\050\000N\000R\000C\000\051}{}% 8
\BOOKMARK [2][-]{subsection.4.1}{\376\377\000D\000i\000s\000t\000r\000i\000b\000u\000t\000i\000o\000n\000\040\000D\000i\000a\000g\000n\000o\000s\000t\000i\000c\000s}{section.4}% 9
\BOOKMARK [2][-]{subsection.4.2}{\376\377\000T\000e\000m\000p\000o\000r\000a\000l\000\040\000P\000r\000i\000o\000r\000s}{section.4}% 10
\BOOKMARK [2][-]{subsection.4.3}{\376\377\000O\000u\000t\000l\000i\000e\000r\000\040\000G\000e\000o\000m\000e\000t\000r\000y}{section.4}% 11
\BOOKMARK [2][-]{subsection.4.4}{\376\377\000C\000o\000r\000r\000e\000l\000a\000t\000i\000o\000n\000\040\000M\000a\000t\000r\000i\000x}{section.4}% 12
\BOOKMARK [1][-]{section.5}{\376\377\000R\000e\000s\000i\000d\000e\000n\000t\000i\000a\000l\000\040\000C\000o\000n\000s\000t\000r\000u\000c\000t\000i\000o\000n\000\040\000\050\000R\000C\000\051}{}% 13
\BOOKMARK [2][-]{subsection.5.1}{\376\377\000D\000i\000s\000t\000r\000i\000b\000u\000t\000i\000o\000n\000\040\000D\000i\000a\000g\000n\000o\000s\000t\000i\000c\000s}{section.5}% 14
\BOOKMARK [2][-]{subsection.5.2}{\376\377\000T\000e\000m\000p\000o\000r\000a\000l\000\040\000P\000r\000i\000o\000r\000s}{section.5}% 15
\BOOKMARK [2][-]{subsection.5.3}{\376\377\000O\000u\000t\000l\000i\000e\000r\000\040\000G\000e\000o\000m\000e\000t\000r\000y}{section.5}% 16
\BOOKMARK [2][-]{subsection.5.4}{\376\377\000C\000o\000r\000r\000e\000l\000a\000t\000i\000o\000n\000\040\000M\000a\000t\000r\000i\000x}{section.5}% 17
\BOOKMARK [1][-]{section.6}{\376\377\000N\000o\000n\000-\000R\000e\000s\000i\000d\000e\000n\000t\000i\000a\000l\000\040\000A\000g\000g\000r\000e\000g\000a\000t\000e\000\040\000\050\000N\000R\000\051}{}% 18
\BOOKMARK [2][-]{subsection.6.1}{\376\377\000D\000i\000s\000t\000r\000i\000b\000u\000t\000i\000o\000n\000\040\000D\000i\000a\000g\000n\000o\000s\000t\000i\000c\000s}{section.6}% 19
\BOOKMARK [2][-]{subsection.6.2}{\376\377\000T\000e\000m\000p\000o\000r\000a\000l\000\040\000P\000r\000i\000o\000r\000s}{section.6}% 20
\BOOKMARK [2][-]{subsection.6.3}{\376\377\000O\000u\000t\000l\000i\000e\000r\000\040\000G\000e\000o\000m\000e\000t\000r\000y}{section.6}% 21
\BOOKMARK [2][-]{subsection.6.4}{\376\377\000C\000o\000r\000r\000e\000l\000a\000t\000i\000o\000n\000\040\000M\000a\000t\000r\000i\000x}{section.6}% 22
\BOOKMARK [1][-]{section.7}{\376\377\000T\000o\000t\000a\000l\000\040\000C\000a\000p\000i\000t\000a\000l\000\040\000\050\000T\000\051}{}% 23
\BOOKMARK [2][-]{subsection.7.1}{\376\377\000D\000i\000s\000t\000r\000i\000b\000u\000t\000i\000o\000n\000\040\000D\000i\000a\000g\000n\000o\000s\000t\000i\000c\000s}{section.7}% 24
\BOOKMARK [2][-]{subsection.7.2}{\376\377\000T\000e\000m\000p\000o\000r\000a\000l\000\040\000P\000r\000i\000o\000r\000s}{section.7}% 25
\BOOKMARK [2][-]{subsection.7.3}{\376\377\000O\000u\000t\000l\000i\000e\000r\000\040\000G\000e\000o\000m\000e\000t\000r\000y}{section.7}% 26
\BOOKMARK [2][-]{subsection.7.4}{\376\377\000C\000o\000r\000r\000e\000l\000a\000t\000i\000o\000n\000\040\000M\000a\000t\000r\000i\000x}{section.7}% 27
\BOOKMARK [1][-]{section.8}{\376\377\000A\000g\000g\000r\000e\000g\000a\000t\000e\000\040\000C\000o\000n\000s\000t\000r\000u\000c\000t\000i\000o\000n\000\040\000\050\000C\000\051}{}% 28
\BOOKMARK [2][-]{subsection.8.1}{\376\377\000D\000i\000s\000t\000r\000i\000b\000u\000t\000i\000o\000n\000\040\000D\000i\000a\000g\000n\000o\000s\000t\000i\000c\000s}{section.8}% 29
\BOOKMARK [2][-]{subsection.8.2}{\376\377\000T\000e\000m\000p\000o\000r\000a\000l\000\040\000P\000r\000i\000o\000r\000s}{section.8}% 30
\BOOKMARK [2][-]{subsection.8.3}{\376\377\000O\000u\000t\000l\000i\000e\000r\000\040\000G\000e\000o\000m\000e\000t\000r\000y}{section.8}% 31
\BOOKMARK [2][-]{subsection.8.4}{\376\377\000C\000o\000r\000r\000e\000l\000a\000t\000i\000o\000n\000\040\000M\000a\000t\000r\000i\000x}{section.8}% 32
\BOOKMARK [1][-]{section.9}{\376\377\000N\000e\000x\000t\000\040\000S\000t\000e\000p\000s}{}% 33
