This is pdfTeX, Version 3.141592653-2.6-1.40.25 (MiKTeX 23.10.12) (preloaded format=pdflatex 2023.11.29)  6 DEC 2025 16:54
entering extended mode
 restricted \write18 enabled.
 %&-line parsing enabled.
**./09_sfc_extended_reports.tex
(09_sfc_extended_reports.tex
LaTeX2e <2023-11-01>
L3 programming layer <2023-11-09>
(C:\Program Files\MiKTeX\tex/latex/base\article.cls
Document Class: article 2023/05/17 v1.4n Standard LaTeX document class
(C:\Program Files\MiKTeX\tex/latex/base\size11.clo
File: size11.clo 2023/05/17 v1.4n Standard LaTeX file (size option)
)
\c@part=\count186
\c@section=\count187
\c@subsection=\count188
\c@subsubsection=\count189
\c@paragraph=\count190
\c@subparagraph=\count191
\c@figure=\count192
\c@table=\count193
\abovecaptionskip=\skip48
\belowcaptionskip=\skip49
\bibindent=\dimen140
)
(C:\Program Files\MiKTeX\tex/latex/base\fontenc.sty
Package: fontenc 2021/04/29 v2.0v Standard LaTeX package
)
(C:\Program Files\MiKTeX\tex/latex/base\inputenc.sty
Package: inputenc 2021/02/14 v1.3d Input encoding file
\inpenc@prehook=\toks17
\inpenc@posthook=\toks18
)
(C:\Program Files\MiKTeX\tex/latex/lm\lmodern.sty
Package: lmodern 2015/05/01 v1.6.1 Latin Modern Fonts
LaTeX Font Info:    Overwriting symbol font `operators' in version `normal'
(Font)                  OT1/cmr/m/n --> OT1/lmr/m/n on input line 22.
LaTeX Font Info:    Overwriting symbol font `letters' in version `normal'
(Font)                  OML/cmm/m/it --> OML/lmm/m/it on input line 23.
LaTeX Font Info:    Overwriting symbol font `symbols' in version `normal'
(Font)                  OMS/cmsy/m/n --> OMS/lmsy/m/n on input line 24.
LaTeX Font Info:    Overwriting symbol font `largesymbols' in version `normal'
(Font)                  OMX/cmex/m/n --> OMX/lmex/m/n on input line 25.
LaTeX Font Info:    Overwriting symbol font `operators' in version `bold'
(Font)                  OT1/cmr/bx/n --> OT1/lmr/bx/n on input line 26.
LaTeX Font Info:    Overwriting symbol font `letters' in version `bold'
(Font)                  OML/cmm/b/it --> OML/lmm/b/it on input line 27.
LaTeX Font Info:    Overwriting symbol font `symbols' in version `bold'
(Font)                  OMS/cmsy/b/n --> OMS/lmsy/b/n on input line 28.
LaTeX Font Info:    Overwriting symbol font `largesymbols' in version `bold'
(Font)                  OMX/cmex/m/n --> OMX/lmex/m/n on input line 29.
LaTeX Font Info:    Overwriting math alphabet `\mathbf' in version `normal'
(Font)                  OT1/cmr/bx/n --> OT1/lmr/bx/n on input line 31.
LaTeX Font Info:    Overwriting math alphabet `\mathsf' in version `normal'
(Font)                  OT1/cmss/m/n --> OT1/lmss/m/n on input line 32.
LaTeX Font Info:    Overwriting math alphabet `\mathit' in version `normal'
(Font)                  OT1/cmr/m/it --> OT1/lmr/m/it on input line 33.
LaTeX Font Info:    Overwriting math alphabet `\mathtt' in version `normal'
(Font)                  OT1/cmtt/m/n --> OT1/lmtt/m/n on input line 34.
LaTeX Font Info:    Overwriting math alphabet `\mathbf' in version `bold'
(Font)                  OT1/cmr/bx/n --> OT1/lmr/bx/n on input line 35.
LaTeX Font Info:    Overwriting math alphabet `\mathsf' in version `bold'
(Font)                  OT1/cmss/bx/n --> OT1/lmss/bx/n on input line 36.
LaTeX Font Info:    Overwriting math alphabet `\mathit' in version `bold'
(Font)                  OT1/cmr/bx/it --> OT1/lmr/bx/it on input line 37.
LaTeX Font Info:    Overwriting math alphabet `\mathtt' in version `bold'
(Font)                  OT1/cmtt/m/n --> OT1/lmtt/m/n on input line 38.
)
(C:\Program Files\MiKTeX\tex/latex/geometry\geometry.sty
Package: geometry 2020/01/02 v5.9 Page Geometry

(C:\Program Files\MiKTeX\tex/latex/graphics\keyval.sty
Package: keyval 2022/05/29 v1.15 key=value parser (DPC)
\KV@toks@=\toks19
)
(C:\Program Files\MiKTeX\tex/generic/iftex\ifvtex.sty
Package: ifvtex 2019/10/25 v1.7 ifvtex legacy package. Use iftex instead.

(C:\Program Files\MiKTeX\tex/generic/iftex\iftex.sty
Package: iftex 2022/02/03 v1.0f TeX engine tests
))
\Gm@cnth=\count194
\Gm@cntv=\count195
\c@Gm@tempcnt=\count196
\Gm@bindingoffset=\dimen141
\Gm@wd@mp=\dimen142
\Gm@odd@mp=\dimen143
\Gm@even@mp=\dimen144
\Gm@layoutwidth=\dimen145
\Gm@layoutheight=\dimen146
\Gm@layouthoffset=\dimen147
\Gm@layoutvoffset=\dimen148
\Gm@dimlist=\toks20

(C:\Program Files\MiKTeX\tex/latex/geometry\geometry.cfg))
(C:\Program Files\MiKTeX\tex/latex/graphics\graphicx.sty
Package: graphicx 2021/09/16 v1.2d Enhanced LaTeX Graphics (DPC,SPQR)

(C:\Program Files\MiKTeX\tex/latex/graphics\graphics.sty
Package: graphics 2022/03/10 v1.4e Standard LaTeX Graphics (DPC,SPQR)

(C:\Program Files\MiKTeX\tex/latex/graphics\trig.sty
Package: trig 2021/08/11 v1.11 sin cos tan (DPC)
)
(C:\Program Files\MiKTeX\tex/latex/graphics-cfg\graphics.cfg
File: graphics.cfg 2016/06/04 v1.11 sample graphics configuration
)
Package graphics Info: Driver file: pdftex.def on input line 107.

(C:\Program Files\MiKTeX\tex/latex/graphics-def\pdftex.def
File: pdftex.def 2022/09/22 v1.2b Graphics/color driver for pdftex
))
\Gin@req@height=\dimen149
\Gin@req@width=\dimen150
)
(C:\Program Files\MiKTeX\tex/latex/float\float.sty
Package: float 2001/11/08 v1.3d Float enhancements (AL)
\c@float@type=\count197
\float@exts=\toks21
\float@box=\box51
\@float@everytoks=\toks22
\@floatcapt=\box52
)
(C:\Program Files\MiKTeX\tex/latex/caption\caption.sty
Package: caption 2023/08/05 v3.6o Customizing captions (AR)

(C:\Program Files\MiKTeX\tex/latex/caption\caption3.sty
Package: caption3 2023/07/31 v2.4d caption3 kernel (AR)
\caption@tempdima=\dimen151
\captionmargin=\dimen152
\caption@leftmargin=\dimen153
\caption@rightmargin=\dimen154
\caption@width=\dimen155
\caption@indent=\dimen156
\caption@parindent=\dimen157
\caption@hangindent=\dimen158
Package caption Info: Standard document class detected.
)
\c@caption@flags=\count198
\c@continuedfloat=\count199
Package caption Info: float package is loaded.
)
(C:\Program Files\MiKTeX\tex/latex/caption\subcaption.sty
Package: subcaption 2023/07/28 v1.6b Sub-captions (AR)
Package caption Info: New subtype `subfigure' on input line 238.
\c@subfigure=\count266
Package caption Info: New subtype `subtable' on input line 238.
\c@subtable=\count267
)
(C:\Program Files\MiKTeX\tex/latex/booktabs\booktabs.sty
Package: booktabs 2020/01/12 v1.61803398 Publication quality tables
\heavyrulewidth=\dimen159
\lightrulewidth=\dimen160
\cmidrulewidth=\dimen161
\belowrulesep=\dimen162
\belowbottomsep=\dimen163
\aboverulesep=\dimen164
\abovetopsep=\dimen165
\cmidrulesep=\dimen166
\cmidrulekern=\dimen167
\defaultaddspace=\dimen168
\@cmidla=\count268
\@cmidlb=\count269
\@aboverulesep=\dimen169
\@belowrulesep=\dimen170
\@thisruleclass=\count270
\@lastruleclass=\count271
\@thisrulewidth=\dimen171
)
(C:\Program Files\MiKTeX\tex/latex/hyperref\hyperref.sty
Package: hyperref 2023-11-09 v7.01f Hypertext links for LaTeX

(C:\Program Files\MiKTeX\tex/generic/ltxcmds\ltxcmds.sty
Package: ltxcmds 2020-05-10 v1.25 LaTeX kernel commands for general use (HO)
)
(C:\Program Files\MiKTeX\tex/generic/pdftexcmds\pdftexcmds.sty
Package: pdftexcmds 2020-06-27 v0.33 Utility functions of pdfTeX for LuaTeX (HO
)

(C:\Program Files\MiKTeX\tex/generic/infwarerr\infwarerr.sty
Package: infwarerr 2019/12/03 v1.5 Providing info/warning/error messages (HO)
)
Package pdftexcmds Info: \pdf@primitive is available.
Package pdftexcmds Info: \pdf@ifprimitive is available.
Package pdftexcmds Info: \pdfdraftmode found.
)
(C:\Program Files\MiKTeX\tex/latex/kvsetkeys\kvsetkeys.sty
Package: kvsetkeys 2022-10-05 v1.19 Key value parser (HO)
)
(C:\Program Files\MiKTeX\tex/generic/kvdefinekeys\kvdefinekeys.sty
Package: kvdefinekeys 2019-12-19 v1.6 Define keys (HO)
)
(C:\Program Files\MiKTeX\tex/generic/pdfescape\pdfescape.sty
Package: pdfescape 2019/12/09 v1.15 Implements pdfTeX's escape features (HO)
)
(C:\Program Files\MiKTeX\tex/latex/hycolor\hycolor.sty
Package: hycolor 2020-01-27 v1.10 Color options for hyperref/bookmark (HO)
)
(C:\Program Files\MiKTeX\tex/latex/letltxmacro\letltxmacro.sty
Package: letltxmacro 2019/12/03 v1.6 Let assignment for LaTeX macros (HO)
)
(C:\Program Files\MiKTeX\tex/latex/auxhook\auxhook.sty
Package: auxhook 2019-12-17 v1.6 Hooks for auxiliary files (HO)
)
(C:\Program Files\MiKTeX\tex/latex/hyperref\nameref.sty
Package: nameref 2023-11-09 v2.55 Cross-referencing by name of section

(C:\Program Files\MiKTeX\tex/latex/refcount\refcount.sty
Package: refcount 2019/12/15 v3.6 Data extraction from label references (HO)
)
(C:\Program Files\MiKTeX\tex/generic/gettitlestring\gettitlestring.sty
Package: gettitlestring 2019/12/15 v1.6 Cleanup title references (HO)

(C:\Program Files\MiKTeX\tex/latex/kvoptions\kvoptions.sty
Package: kvoptions 2022-06-15 v3.15 Key value format for package options (HO)
))
\c@section@level=\count272
)
(C:\Program Files\MiKTeX\tex/latex/etoolbox\etoolbox.sty
Package: etoolbox 2020/10/05 v2.5k e-TeX tools for LaTeX (JAW)
\etb@tempcnta=\count273
)
\@linkdim=\dimen172
\Hy@linkcounter=\count274
\Hy@pagecounter=\count275

(C:\Program Files\MiKTeX\tex/latex/hyperref\pd1enc.def
File: pd1enc.def 2023-11-09 v7.01f Hyperref: PDFDocEncoding definition (HO)
Now handling font encoding PD1 ...
... no UTF-8 mapping file for font encoding PD1
)
(C:\Program Files\MiKTeX\tex/generic/intcalc\intcalc.sty
Package: intcalc 2019/12/15 v1.3 Expandable calculations with integers (HO)
)
\Hy@SavedSpaceFactor=\count276

(C:\Program Files\MiKTeX\tex/latex/hyperref\puenc.def
File: puenc.def 2023-11-09 v7.01f Hyperref: PDF Unicode definition (HO)
Now handling font encoding PU ...
... no UTF-8 mapping file for font encoding PU
)
Package hyperref Info: Hyper figures OFF on input line 4171.
Package hyperref Info: Link nesting OFF on input line 4176.
Package hyperref Info: Hyper index ON on input line 4179.
Package hyperref Info: Plain pages OFF on input line 4186.
Package hyperref Info: Backreferencing OFF on input line 4191.
Package hyperref Info: Implicit mode ON; LaTeX internals redefined.
Package hyperref Info: Bookmarks ON on input line 4438.
\c@Hy@tempcnt=\count277

(C:\Program Files\MiKTeX\tex/latex/url\url.sty
\Urlmuskip=\muskip16
Package: url 2013/09/16  ver 3.4  Verb mode for urls, etc.
)
LaTeX Info: Redefining \url on input line 4776.
\XeTeXLinkMargin=\dimen173

(C:\Program Files\MiKTeX\tex/generic/bitset\bitset.sty
Package: bitset 2019/12/09 v1.3 Handle bit-vector datatype (HO)

(C:\Program Files\MiKTeX\tex/generic/bigintcalc\bigintcalc.sty
Package: bigintcalc 2019/12/15 v1.5 Expandable calculations on big integers (HO
)
))
\Fld@menulength=\count278
\Field@Width=\dimen174
\Fld@charsize=\dimen175
Package hyperref Info: Hyper figures OFF on input line 6055.
Package hyperref Info: Link nesting OFF on input line 6060.
Package hyperref Info: Hyper index ON on input line 6063.
Package hyperref Info: backreferencing OFF on input line 6070.
Package hyperref Info: Link coloring OFF on input line 6075.
Package hyperref Info: Link coloring with OCG OFF on input line 6080.
Package hyperref Info: PDF/A mode OFF on input line 6085.

(C:\Program Files\MiKTeX\tex/latex/base\atbegshi-ltx.sty
Package: atbegshi-ltx 2021/01/10 v1.0c Emulation of the original atbegshi
package with kernel methods
)
\Hy@abspage=\count279
\c@Item=\count280
\c@Hfootnote=\count281
)
Package hyperref Info: Driver (autodetected): hpdftex.

(C:\Program Files\MiKTeX\tex/latex/hyperref\hpdftex.def
File: hpdftex.def 2023-11-09 v7.01f Hyperref driver for pdfTeX

(C:\Program Files\MiKTeX\tex/latex/base\atveryend-ltx.sty
Package: atveryend-ltx 2020/08/19 v1.0a Emulation of the original atveryend pac
kage
with kernel methods
)
\Fld@listcount=\count282
\c@bookmark@seq@number=\count283

(C:\Program Files\MiKTeX\tex/latex/rerunfilecheck\rerunfilecheck.sty
Package: rerunfilecheck 2022-07-10 v1.10 Rerun checks for auxiliary files (HO)

(C:\Program Files\MiKTeX\tex/generic/uniquecounter\uniquecounter.sty
Package: uniquecounter 2019/12/15 v1.4 Provide unlimited unique counter (HO)
)
Package uniquecounter Info: New unique counter `rerunfilecheck' on input line 2
85.
)
\Hy@SectionHShift=\skip50
)
(C:\Program Files\MiKTeX\tex/latex/setspace\setspace.sty
Package: setspace 2022/12/04 v6.7b set line spacing
)
(C:\Program Files\MiKTeX\tex/latex/csvsimple\csvsimple.sty
Package: csvsimple 2024/09/27 v2.7.0 LaTeX CSV file processing
)
(C:\Program Files\MiKTeX\tex/latex/csvsimple\csvsimple-legacy.sty
Package: csvsimple-legacy 2024/09/27 version 2.7.0 LaTeX2e CSV file processing

(C:\Program Files\MiKTeX\tex/latex/pgf/utilities\pgfrcs.sty
(C:\Program Files\MiKTeX\tex/generic/pgf/utilities\pgfutil-common.tex
\pgfutil@everybye=\toks23
\pgfutil@tempdima=\dimen176
\pgfutil@tempdimb=\dimen177
)
(C:\Program Files\MiKTeX\tex/generic/pgf/utilities\pgfutil-latex.def
\pgfutil@abb=\box53
)
(C:\Program Files\MiKTeX\tex/generic/pgf/utilities\pgfrcs.code.tex
(C:\Program Files\MiKTeX\tex/generic/pgf\pgf.revision.tex)
Package: pgfrcs 2023-01-15 v3.1.10 (3.1.10)
))
(C:\Program Files\MiKTeX\tex/latex/pgf/utilities\pgfkeys.sty
(C:\Program Files\MiKTeX\tex/generic/pgf/utilities\pgfkeys.code.tex
\pgfkeys@pathtoks=\toks24
\pgfkeys@temptoks=\toks25

(C:\Program Files\MiKTeX\tex/generic/pgf/utilities\pgfkeyslibraryfiltered.code.
tex
\pgfkeys@tmptoks=\toks26
))) (C:\Program Files\MiKTeX\tex/latex/base\ifthen.sty
Package: ifthen 2022/04/13 v1.1d Standard LaTeX ifthen package (DPC)
)
(C:\Program Files\MiKTeX\tex/latex/tools\shellesc.sty
Package: shellesc 2023/07/08 v1.0d unified shell escape interface for LaTeX
Package shellesc Info: Restricted shell escape enabled on input line 77.
)
\csv@file=\read2
\c@csvinputline=\count284
\c@csvrow=\count285
\c@csvcol=\count286
\csv@out=\write3
)
LaTeX Font Info:    Trying to load font information for T1+lmr on input line 23
.

(C:\Program Files\MiKTeX\tex/latex/lm\t1lmr.fd
File: t1lmr.fd 2015/05/01 v1.6.1 Font defs for Latin Modern
)
(C:\Program Files\MiKTeX\tex/latex/l3backend\l3backend-pdftex.def
File: l3backend-pdftex.def 2023-11-09 L3 backend support: PDF output (pdfTeX)
\l__color_backend_stack_int=\count287
\l__pdf_internal_box=\box54
)
(09_sfc_extended_reports.aux)
\openout1 = `09_sfc_extended_reports.aux'.

LaTeX Font Info:    Checking defaults for OML/cmm/m/it on input line 23.
LaTeX Font Info:    ... okay on input line 23.
LaTeX Font Info:    Checking defaults for OMS/cmsy/m/n on input line 23.
LaTeX Font Info:    ... okay on input line 23.
LaTeX Font Info:    Checking defaults for OT1/cmr/m/n on input line 23.
LaTeX Font Info:    ... okay on input line 23.
LaTeX Font Info:    Checking defaults for T1/cmr/m/n on input line 23.
LaTeX Font Info:    ... okay on input line 23.
LaTeX Font Info:    Checking defaults for TS1/cmr/m/n on input line 23.
LaTeX Font Info:    ... okay on input line 23.
LaTeX Font Info:    Checking defaults for OMX/cmex/m/n on input line 23.
LaTeX Font Info:    ... okay on input line 23.
LaTeX Font Info:    Checking defaults for U/cmr/m/n on input line 23.
LaTeX Font Info:    ... okay on input line 23.
LaTeX Font Info:    Checking defaults for PD1/pdf/m/n on input line 23.
LaTeX Font Info:    ... okay on input line 23.
LaTeX Font Info:    Checking defaults for PU/pdf/m/n on input line 23.
LaTeX Font Info:    ... okay on input line 23.

*geometry* driver: auto-detecting
*geometry* detected driver: pdftex
*geometry* verbose mode - [ preamble ] result:
* driver: pdftex
* paper: a4paper
* layout: <same size as paper>
* layoutoffset:(h,v)=(0.0pt,0.0pt)
* modes: 
* h-part:(L,W,R)=(72.26999pt, 452.9679pt, 72.26999pt)
* v-part:(T,H,B)=(72.26999pt, 700.50687pt, 72.26999pt)
* \paperwidth=597.50787pt
* \paperheight=845.04684pt
* \textwidth=452.9679pt
* \textheight=700.50687pt
* \oddsidemargin=0.0pt
* \evensidemargin=0.0pt
* \topmargin=-37.0pt
* \headheight=12.0pt
* \headsep=25.0pt
* \topskip=11.0pt
* \footskip=30.0pt
* \marginparwidth=50.0pt
* \marginparsep=10.0pt
* \columnsep=10.0pt
* \skip\footins=10.0pt plus 4.0pt minus 2.0pt
* \hoffset=0.0pt
* \voffset=0.0pt
* \mag=1000
* \@twocolumnfalse
* \@twosidefalse
* \@mparswitchfalse
* \@reversemarginfalse
* (1in=72.27pt=25.4mm, 1cm=28.453pt)

(C:\Program Files\MiKTeX\tex/context/base/mkii\supp-pdf.mkii
[Loading MPS to PDF converter (version 2006.09.02).]
\scratchcounter=\count288
\scratchdimen=\dimen178
\scratchbox=\box55
\nofMPsegments=\count289
\nofMParguments=\count290
\everyMPshowfont=\toks27
\MPscratchCnt=\count291
\MPscratchDim=\dimen179
\MPnumerator=\count292
\makeMPintoPDFobject=\count293
\everyMPtoPDFconversion=\toks28
) (C:\Program Files\MiKTeX\tex/latex/epstopdf-pkg\epstopdf-base.sty
Package: epstopdf-base 2020-01-24 v2.11 Base part for package epstopdf
Package epstopdf-base Info: Redefining graphics rule for `.eps' on input line 4
85.

(C:\Program Files\MiKTeX\tex/latex/00miktex\epstopdf-sys.cfg
File: epstopdf-sys.cfg 2021/03/18 v2.0 Configuration of epstopdf for MiKTeX
))
Package caption Info: Begin \AtBeginDocument code.
Package caption Info: hyperref package is loaded.
Package caption Info: End \AtBeginDocument code.
Package hyperref Info: Link coloring OFF on input line 23.

(09_sfc_extended_reports.out) (09_sfc_extended_reports.out)
\@outlinefile=\write4
\openout4 = `09_sfc_extended_reports.out'.

LaTeX Font Info:    Trying to load font information for OT1+lmr on input line 2
6.

(C:\Program Files\MiKTeX\tex/latex/lm\ot1lmr.fd
File: ot1lmr.fd 2015/05/01 v1.6.1 Font defs for Latin Modern
)
LaTeX Font Info:    Trying to load font information for OML+lmm on input line 2
6.

(C:\Program Files\MiKTeX\tex/latex/lm\omllmm.fd
File: omllmm.fd 2015/05/01 v1.6.1 Font defs for Latin Modern
)
LaTeX Font Info:    Trying to load font information for OMS+lmsy on input line 
26.

(C:\Program Files\MiKTeX\tex/latex/lm\omslmsy.fd
File: omslmsy.fd 2015/05/01 v1.6.1 Font defs for Latin Modern
)
LaTeX Font Info:    Trying to load font information for OMX+lmex on input line 
26.

(C:\Program Files\MiKTeX\tex/latex/lm\omxlmex.fd
File: omxlmex.fd 2015/05/01 v1.6.1 Font defs for Latin Modern
)
LaTeX Font Info:    External font `lmex10' loaded for size
(Font)              <12> on input line 26.
LaTeX Font Info:    External font `lmex10' loaded for size
(Font)              <8> on input line 26.
LaTeX Font Info:    External font `lmex10' loaded for size
(Font)              <6> on input line 26.
LaTeX Font Info:    Trying to load font information for T1+lmtt on input line 3
3.

(C:\Program Files\MiKTeX\tex/latex/lm\t1lmtt.fd
File: t1lmtt.fd 2015/05/01 v1.6.1 Font defs for Latin Modern
)
Overfull \hbox (72.81291pt too wide) in paragraph at lines 32--35
\T1/lmr/m/n/10.95 This re-port com-piles all graph-i-cal out-puts from the ex-t
ended pri-ors mod-ule (\T1/lmtt/m/n/10.95 09_sfc_extended_reports_v2.R\T1/lmr/m
/n/10.95 ).
 []

LaTeX Font Info:    Trying to load font information for TS1+lmr on input line 3
7.
(C:\Program Files\MiKTeX\tex/latex/lm\ts1lmr.fd
File: ts1lmr.fd 2015/05/01 v1.6.1 Font defs for Latin Modern
)
LaTeX Font Info:    External font `lmex10' loaded for size
(Font)              <10.95> on input line 37.
<delta_hist_ME.png, id=139, 578.16pt x 361.35pt>
File: delta_hist_ME.png Graphic file (type png)
<use delta_hist_ME.png>
Package pdftex.def Info: delta_hist_ME.png  used on input line 81.
(pdftex.def)             Requested size: 407.66833pt x 254.79037pt.
 [1

{C:/Users/dpola/AppData/Local/MiKTeX/fonts/map/pdftex/pdftex.map}{C:/Program Fi
les/MiKTeX/fonts/enc/dvips/lm/lm-ec.enc}{C:/Program Files/MiKTeX/fonts/enc/dvip
s/lm/lm-ts1.enc}{C:/Program Files/MiKTeX/fonts/enc/dvips/lm/lm-mathit.enc}{C:/P
rogram Files/MiKTeX/fonts/enc/dvips/lm/lm-rm.enc}]
<delta_density_ME.png, id=159, 578.16pt x 361.35pt>
File: delta_density_ME.png Graphic file (type png)
<use delta_density_ME.png>
Package pdftex.def Info: delta_density_ME.png  used on input line 87.
(pdftex.def)             Requested size: 407.66833pt x 254.79037pt.
<z_hist_ME.png, id=160, 578.16pt x 361.35pt>
File: z_hist_ME.png Graphic file (type png)
<use z_hist_ME.png>
Package pdftex.def Info: z_hist_ME.png  used on input line 93.
(pdftex.def)             Requested size: 407.66833pt x 254.79037pt.
 [2 <./delta_hist_ME.png> <./delta_density_ME.png>]
<z_density_ME.png, id=167, 578.16pt x 361.35pt>
File: z_density_ME.png Graphic file (type png)
<use z_density_ME.png>
Package pdftex.def Info: z_density_ME.png  used on input line 99.
(pdftex.def)             Requested size: 407.66833pt x 254.79037pt.
<delta_time_ME.png, id=168, 578.16pt x 361.35pt>
File: delta_time_ME.png Graphic file (type png)
<use delta_time_ME.png>
Package pdftex.def Info: delta_time_ME.png  used on input line 107.
(pdftex.def)             Requested size: 407.66833pt x 254.79037pt.

[3 <./z_hist_ME.png> <./z_density_ME.png>]
<z_time_ME.png, id=175, 578.16pt x 361.35pt>
File: z_time_ME.png Graphic file (type png)
<use z_time_ME.png>
Package pdftex.def Info: z_time_ME.png  used on input line 113.
(pdftex.def)             Requested size: 407.66833pt x 254.79037pt.
<q_time_ME.png, id=176, 578.16pt x 361.35pt>
File: q_time_ME.png Graphic file (type png)
<use q_time_ME.png>
Package pdftex.def Info: q_time_ME.png  used on input line 119.
(pdftex.def)             Requested size: 407.66833pt x 254.79037pt.
 [4 <./delta_time_ME.png> <./z_time_ME.png>]
<delta_z_plane_ME.png, id=183, 578.16pt x 361.35pt>
File: delta_z_plane_ME.png Graphic file (type png)
<use delta_z_plane_ME.png>
Package pdftex.def Info: delta_z_plane_ME.png  used on input line 127.
(pdftex.def)             Requested size: 407.66833pt x 254.79037pt.
 [5 <./q_time_ME.png> <./delta_z_plane_ME.png>]
<delta_hist_NRC.png, id=190, 578.16pt x 361.35pt>
File: delta_hist_NRC.png Graphic file (type png)
<use delta_hist_NRC.png>
Package pdftex.def Info: delta_hist_NRC.png  used on input line 157.
(pdftex.def)             Requested size: 407.66833pt x 254.79037pt.
<delta_density_NRC.png, id=191, 578.16pt x 361.35pt>
File: delta_density_NRC.png Graphic file (type png)
<use delta_density_NRC.png>
Package pdftex.def Info: delta_density_NRC.png  used on input line 163.
(pdftex.def)             Requested size: 407.66833pt x 254.79037pt.
 [6 <./delta_hist_NRC.png>]
<z_hist_NRC.png, id=199, 578.16pt x 361.35pt>
File: z_hist_NRC.png Graphic file (type png)
<use z_hist_NRC.png>
Package pdftex.def Info: z_hist_NRC.png  used on input line 169.
(pdftex.def)             Requested size: 407.66833pt x 254.79037pt.
<z_density_NRC.png, id=200, 578.16pt x 361.35pt>
File: z_density_NRC.png Graphic file (type png)
<use z_density_NRC.png>
Package pdftex.def Info: z_density_NRC.png  used on input line 175.
(pdftex.def)             Requested size: 407.66833pt x 254.79037pt.
 [7 <./delta_density_NRC.png> <./z_hist_NRC.png>]
<delta_time_NRC.png, id=208, 578.16pt x 361.35pt>
File: delta_time_NRC.png Graphic file (type png)
<use delta_time_NRC.png>
Package pdftex.def Info: delta_time_NRC.png  used on input line 183.
(pdftex.def)             Requested size: 407.66833pt x 254.79037pt.
<z_time_NRC.png, id=209, 578.16pt x 361.35pt>
File: z_time_NRC.png Graphic file (type png)
<use z_time_NRC.png>
Package pdftex.def Info: z_time_NRC.png  used on input line 189.
(pdftex.def)             Requested size: 407.66833pt x 254.79037pt.
 [8 <./z_density_NRC.png> <./delta_time_NRC.png>]
<q_time_NRC.png, id=216, 578.16pt x 361.35pt>
File: q_time_NRC.png Graphic file (type png)
<use q_time_NRC.png>
Package pdftex.def Info: q_time_NRC.png  used on input line 195.
(pdftex.def)             Requested size: 407.66833pt x 254.79037pt.
<delta_z_plane_NRC.png, id=217, 578.16pt x 361.35pt>
File: delta_z_plane_NRC.png Graphic file (type png)
<use delta_z_plane_NRC.png>
Package pdftex.def Info: delta_z_plane_NRC.png  used on input line 203.
(pdftex.def)             Requested size: 407.66833pt x 254.79037pt.
 [9 <./z_time_NRC.png> <./q_time_NRC.png>]
<delta_hist_RC.png, id=224, 578.16pt x 361.35pt>
File: delta_hist_RC.png Graphic file (type png)
<use delta_hist_RC.png>
Package pdftex.def Info: delta_hist_RC.png  used on input line 233.
(pdftex.def)             Requested size: 407.66833pt x 254.79037pt.
 [10 <./delta_z_plane_NRC.png>]
<delta_density_RC.png, id=232, 578.16pt x 361.35pt>
File: delta_density_RC.png Graphic file (type png)
<use delta_density_RC.png>
Package pdftex.def Info: delta_density_RC.png  used on input line 239.
(pdftex.def)             Requested size: 407.66833pt x 254.79037pt.
<z_hist_RC.png, id=233, 578.16pt x 361.35pt>
File: z_hist_RC.png Graphic file (type png)
<use z_hist_RC.png>
Package pdftex.def Info: z_hist_RC.png  used on input line 245.
(pdftex.def)             Requested size: 407.66833pt x 254.79037pt.
 [11 <./delta_hist_RC.png> <./delta_density_RC.png>]
<z_density_RC.png, id=240, 578.16pt x 361.35pt>
File: z_density_RC.png Graphic file (type png)
<use z_density_RC.png>
Package pdftex.def Info: z_density_RC.png  used on input line 251.
(pdftex.def)             Requested size: 407.66833pt x 254.79037pt.
<delta_time_RC.png, id=241, 578.16pt x 361.35pt>
File: delta_time_RC.png Graphic file (type png)
<use delta_time_RC.png>
Package pdftex.def Info: delta_time_RC.png  used on input line 259.
(pdftex.def)             Requested size: 407.66833pt x 254.79037pt.
 [12 <./z_hist_RC.png> <./z_density_RC.png>]
<z_time_RC.png, id=248, 578.16pt x 361.35pt>
File: z_time_RC.png Graphic file (type png)
<use z_time_RC.png>
Package pdftex.def Info: z_time_RC.png  used on input line 265.
(pdftex.def)             Requested size: 407.66833pt x 254.79037pt.
<q_time_RC.png, id=249, 578.16pt x 361.35pt>
File: q_time_RC.png Graphic file (type png)
<use q_time_RC.png>
Package pdftex.def Info: q_time_RC.png  used on input line 271.
(pdftex.def)             Requested size: 407.66833pt x 254.79037pt.
 [13 <./delta_time_RC.png> <./z_time_RC.png>]
<delta_z_plane_RC.png, id=257, 578.16pt x 361.35pt>
File: delta_z_plane_RC.png Graphic file (type png)
<use delta_z_plane_RC.png>
Package pdftex.def Info: delta_z_plane_RC.png  used on input line 279.
(pdftex.def)             Requested size: 407.66833pt x 254.79037pt.

[14 <./q_time_RC.png> <./delta_z_plane_RC.png>]
<delta_hist_NR.png, id=264, 578.16pt x 361.35pt>
File: delta_hist_NR.png Graphic file (type png)
<use delta_hist_NR.png>
Package pdftex.def Info: delta_hist_NR.png  used on input line 311.
(pdftex.def)             Requested size: 407.66833pt x 254.79037pt.
<delta_density_NR.png, id=265, 578.16pt x 361.35pt>
File: delta_density_NR.png Graphic file (type png)
<use delta_density_NR.png>
Package pdftex.def Info: delta_density_NR.png  used on input line 317.
(pdftex.def)             Requested size: 407.66833pt x 254.79037pt.
 [15 <./delta_hist_NR.png>]
<z_hist_NR.png, id=273, 578.16pt x 361.35pt>
File: z_hist_NR.png Graphic file (type png)
<use z_hist_NR.png>
Package pdftex.def Info: z_hist_NR.png  used on input line 323.
(pdftex.def)             Requested size: 407.66833pt x 254.79037pt.
<z_density_NR.png, id=274, 578.16pt x 361.35pt>
File: z_density_NR.png Graphic file (type png)
<use z_density_NR.png>
Package pdftex.def Info: z_density_NR.png  used on input line 329.
(pdftex.def)             Requested size: 407.66833pt x 254.79037pt.

[16 <./delta_density_NR.png> <./z_hist_NR.png>]
<delta_time_NR.png, id=281, 578.16pt x 361.35pt>
File: delta_time_NR.png Graphic file (type png)
<use delta_time_NR.png>
Package pdftex.def Info: delta_time_NR.png  used on input line 337.
(pdftex.def)             Requested size: 407.66833pt x 254.79037pt.
<z_time_NR.png, id=282, 578.16pt x 361.35pt>
File: z_time_NR.png Graphic file (type png)
<use z_time_NR.png>
Package pdftex.def Info: z_time_NR.png  used on input line 343.
(pdftex.def)             Requested size: 407.66833pt x 254.79037pt.
 [17 <./z_density_NR.png> <./delta_time_NR.png>]
<q_time_NR.png, id=289, 578.16pt x 361.35pt>
File: q_time_NR.png Graphic file (type png)
<use q_time_NR.png>
Package pdftex.def Info: q_time_NR.png  used on input line 349.
(pdftex.def)             Requested size: 407.66833pt x 254.79037pt.
<delta_z_plane_NR.png, id=290, 578.16pt x 361.35pt>
File: delta_z_plane_NR.png Graphic file (type png)
<use delta_z_plane_NR.png>
Package pdftex.def Info: delta_z_plane_NR.png  used on input line 357.
(pdftex.def)             Requested size: 407.66833pt x 254.79037pt.
 [18 <./z_time_NR.png> <./q_time_NR.png>]
<delta_hist_T.png, id=297, 578.16pt x 361.35pt>
File: delta_hist_T.png Graphic file (type png)
<use delta_hist_T.png>
Package pdftex.def Info: delta_hist_T.png  used on input line 387.
(pdftex.def)             Requested size: 407.66833pt x 254.79037pt.
 [19 <./delta_z_plane_NR.png>]
<delta_density_T.png, id=306, 578.16pt x 361.35pt>
File: delta_density_T.png Graphic file (type png)
<use delta_density_T.png>
Package pdftex.def Info: delta_density_T.png  used on input line 393.
(pdftex.def)             Requested size: 407.66833pt x 254.79037pt.
<z_hist_T.png, id=307, 578.16pt x 361.35pt>
File: z_hist_T.png Graphic file (type png)
<use z_hist_T.png>
Package pdftex.def Info: z_hist_T.png  used on input line 399.
(pdftex.def)             Requested size: 407.66833pt x 254.79037pt.
 [20 <./delta_hist_T.png> <./delta_density_T.png>]
<z_density_T.png, id=314, 578.16pt x 361.35pt>
File: z_density_T.png Graphic file (type png)
<use z_density_T.png>
Package pdftex.def Info: z_density_T.png  used on input line 405.
(pdftex.def)             Requested size: 407.66833pt x 254.79037pt.
<delta_time_T.png, id=315, 578.16pt x 361.35pt>
File: delta_time_T.png Graphic file (type png)
<use delta_time_T.png>
Package pdftex.def Info: delta_time_T.png  used on input line 413.
(pdftex.def)             Requested size: 407.66833pt x 254.79037pt.
 [21 <./z_hist_T.png> <./z_density_T.png>]
<z_time_T.png, id=322, 578.16pt x 361.35pt>
File: z_time_T.png Graphic file (type png)
<use z_time_T.png>
Package pdftex.def Info: z_time_T.png  used on input line 419.
(pdftex.def)             Requested size: 407.66833pt x 254.79037pt.
<q_time_T.png, id=323, 578.16pt x 361.35pt>
File: q_time_T.png Graphic file (type png)
<use q_time_T.png>
Package pdftex.def Info: q_time_T.png  used on input line 425.
(pdftex.def)             Requested size: 407.66833pt x 254.79037pt.
 [22 <./delta_time_T.png> <./z_time_T.png>]
<delta_z_plane_T.png, id=330, 578.16pt x 361.35pt>
File: delta_z_plane_T.png Graphic file (type png)
<use delta_z_plane_T.png>
Package pdftex.def Info: delta_z_plane_T.png  used on input line 433.
(pdftex.def)             Requested size: 407.66833pt x 254.79037pt.
 [23 <./q_time_T.png> <./delta_z_plane_T.png>]
<delta_hist_C.png, id=337, 578.16pt x 361.35pt>
File: delta_hist_C.png Graphic file (type png)
<use delta_hist_C.png>
Package pdftex.def Info: delta_hist_C.png  used on input line 463.
(pdftex.def)             Requested size: 407.66833pt x 254.79037pt.
<delta_density_C.png, id=338, 578.16pt x 361.35pt>
File: delta_density_C.png Graphic file (type png)
<use delta_density_C.png>
Package pdftex.def Info: delta_density_C.png  used on input line 469.
(pdftex.def)             Requested size: 407.66833pt x 254.79037pt.
 [24 <./delta_hist_C.png>]
<z_hist_C.png, id=346, 578.16pt x 361.35pt>
File: z_hist_C.png Graphic file (type png)
<use z_hist_C.png>
Package pdftex.def Info: z_hist_C.png  used on input line 475.
(pdftex.def)             Requested size: 407.66833pt x 254.79037pt.
<z_density_C.png, id=347, 578.16pt x 361.35pt>
File: z_density_C.png Graphic file (type png)
<use z_density_C.png>
Package pdftex.def Info: z_density_C.png  used on input line 481.
(pdftex.def)             Requested size: 407.66833pt x 254.79037pt.
 [25 <./delta_density_C.png> <./z_hist_C.png>]
<delta_time_C.png, id=355, 578.16pt x 361.35pt>
File: delta_time_C.png Graphic file (type png)
<use delta_time_C.png>
Package pdftex.def Info: delta_time_C.png  used on input line 489.
(pdftex.def)             Requested size: 407.66833pt x 254.79037pt.
<z_time_C.png, id=356, 578.16pt x 361.35pt>
File: z_time_C.png Graphic file (type png)
<use z_time_C.png>
Package pdftex.def Info: z_time_C.png  used on input line 495.
(pdftex.def)             Requested size: 407.66833pt x 254.79037pt.
 [26 <./z_density_C.png> <./delta_time_C.png>]
<q_time_C.png, id=363, 578.16pt x 361.35pt>
File: q_time_C.png Graphic file (type png)
<use q_time_C.png>
Package pdftex.def Info: q_time_C.png  used on input line 501.
(pdftex.def)             Requested size: 407.66833pt x 254.79037pt.
<delta_z_plane_C.png, id=364, 578.16pt x 361.35pt>
File: delta_z_plane_C.png Graphic file (type png)
<use delta_z_plane_C.png>
Package pdftex.def Info: delta_z_plane_C.png  used on input line 509.
(pdftex.def)             Requested size: 407.66833pt x 254.79037pt.
 [27 <./z_time_C.png> <./q_time_C.png>] [28 <./delta_z_plane_C.png>]
(09_sfc_extended_reports.aux)
 ***********
LaTeX2e <2023-11-01>
L3 programming layer <2023-11-09>
 ***********


Package rerunfilecheck Warning: File `09_sfc_extended_reports.out' has changed.

(rerunfilecheck)                Rerun to get outlines right
(rerunfilecheck)                or use package `bookmark'.

Package rerunfilecheck Info: Checksums for `09_sfc_extended_reports.out':
(rerunfilecheck)             Before: 0AA1F1789A7216770E4D1137D0376315;5801
(rerunfilecheck)             After:  AD1F6F0F3642E57105DF5FBB23EBD7AB;5169.
 ) 
Here is how much of TeX's memory you used:
 12700 strings out of 474587
 217431 string characters out of 5755516
 1935558 words of memory out of 5000000
 34576 multiletter control sequences out of 15000+600000
 595446 words of font info for 60 fonts, out of 8000000 for 9000
 1141 hyphenation exceptions out of 8191
 75i,9n,79p,354b,437s stack positions out of 10000i,1000n,20000p,200000b,200000s

pdfTeX warning (dest): name{section.10} has been referenced but does not exist,
 replaced by a fixed one


pdfTeX warning (dest): name{subsection.9.6} has been referenced but does not ex
ist, replaced by a fixed one


pdfTeX warning (dest): name{subsection.9.5} has been referenced but does not ex
ist, replaced by a fixed one


pdfTeX warning (dest): name{subsection.9.4} has been referenced but does not ex
ist, replaced by a fixed one


pdfTeX warning (dest): name{subsection.9.3} has been referenced but does not ex
ist, replaced by a fixed one


pdfTeX warning (dest): name{subsection.9.2} has been referenced but does not ex
ist, replaced by a fixed one


pdfTeX warning (dest): name{subsection.9.1} has been referenced but does not ex
ist, replaced by a fixed one

<C:/Program Files/MiKTeX/fonts/type1/public/lm/lmbx10.pfb><C:/Program Files/MiK
TeX/fonts/type1/public/lm/lmbx12.pfb><C:/Program Files/MiKTeX/fonts/type1/publi
c/lm/lmmi10.pfb><C:/Program Files/MiKTeX/fonts/type1/public/lm/lmmi8.pfb><C:/Pr
ogram Files/MiKTeX/fonts/type1/public/lm/lmr10.pfb><C:/Program Files/MiKTeX/fon
ts/type1/public/lm/lmr12.pfb><C:/Program Files/MiKTeX/fonts/type1/public/lm/lmr
17.pfb><C:/Program Files/MiKTeX/fonts/type1/public/lm/lmtt10.pfb>
Output written on 09_sfc_extended_reports.pdf (28 pages, 5730405 bytes).
PDF statistics:
 449 PDF objects out of 1000 (max. 8388607)
 127 named destinations out of 1000 (max. 500000)
 513 words of extra memory for PDF output out of 10000 (max. 10000000)

